[2025-09-13 21:56:38,628] [laneatt.utils.logger] [INFO] Starting training...
[2025-09-13 21:56:38,629] [laneatt.utils.dataset] [INFO] Loading TuSimple annotations...
[2025-09-13 21:56:38,779] [laneatt.utils.dataset] [INFO] 2240 annotations loaded, with a maximum of 2 lanes in an image.
[2025-09-13 21:56:38,779] [laneatt.utils.dataset] [INFO] Transforming annotations to the model's target format...
[2025-09-13 21:56:39,341] [laneatt.utils.dataset] [INFO] Annotations transformed.
[2025-09-13 21:56:39,343] [laneatt.utils.logger] [INFO] Epoch [1/100] starting.
[2025-09-13 21:56:40,322] [laneatt.utils.logger] [DEBUG] Epoch [1/100] - Iter [0/280] - Loss: 2.40680 - cls_loss: 0.08047 - reg_loss: 1.60211 - batch_positives: 156.00000 - lr: 0.00010
[2025-09-13 21:56:40,689] [laneatt.utils.logger] [DEBUG] Epoch [1/100] - Iter [1/280] - Loss: 1.71590 - cls_loss: 0.06136 - reg_loss: 1.10231 - batch_positives: 165.00000 - lr: 0.00010
[2025-09-13 21:56:41,056] [laneatt.utils.logger] [DEBUG] Epoch [1/100] - Iter [2/280] - Loss: 1.18912 - cls_loss: 0.03887 - reg_loss: 0.80044 - batch_positives: 158.00000 - lr: 0.00010
[2025-09-13 21:56:41,423] [laneatt.utils.logger] [DEBUG] Epoch [1/100] - Iter [3/280] - Loss: 0.51578 - cls_loss: 0.00144 - reg_loss: 0.50134 - batch_positives: 180.00000 - lr: 0.00010
[2025-09-13 21:56:41,792] [laneatt.utils.logger] [DEBUG] Epoch [1/100] - Iter [4/280] - Loss: 3.29101 - cls_loss: 0.13756 - reg_loss: 1.91539 - batch_positives: 163.00000 - lr: 0.00010
[2025-09-13 21:56:42,159] [laneatt.utils.logger] [DEBUG] Epoch [1/100] - Iter [5/280] - Loss: 3.13960 - cls_loss: 0.15115 - reg_loss: 1.62812 - batch_positives: 161.00000 - lr: 0.00010
[2025-09-13 21:56:42,527] [laneatt.utils.logger] [DEBUG] Epoch [1/100] - Iter [6/280] - Loss: 2.84405 - cls_loss: 0.10596 - reg_loss: 1.78441 - batch_positives: 159.00000 - lr: 0.00010
[2025-09-13 21:56:42,886] [laneatt.utils.logger] [DEBUG] Epoch [1/100] - Iter [7/280] - Loss: 1.46444 - cls_loss: 0.03116 - reg_loss: 1.15281 - batch_positives: 160.00000 - lr: 0.00010
[2025-09-13 21:56:43,258] [laneatt.utils.logger] [DEBUG] Epoch [1/100] - Iter [8/280] - Loss: 1.57769 - cls_loss: 0.04654 - reg_loss: 1.11227 - batch_positives: 158.00000 - lr: 0.00010
[2025-09-13 21:56:43,624] [laneatt.utils.logger] [DEBUG] Epoch [1/100] - Iter [9/280] - Loss: 1.36785 - cls_loss: 0.04345 - reg_loss: 0.93330 - batch_positives: 151.00000 - lr: 0.00010
[2025-09-13 21:56:43,993] [laneatt.utils.logger] [DEBUG] Epoch [1/100] - Iter [10/280] - Loss: 1.77735 - cls_loss: 0.05632 - reg_loss: 1.21413 - batch_positives: 172.00000 - lr: 0.00010
[2025-09-13 21:56:44,355] [laneatt.utils.logger] [DEBUG] Epoch [1/100] - Iter [11/280] - Loss: 1.38329 - cls_loss: 0.02621 - reg_loss: 1.12118 - batch_positives: 159.00000 - lr: 0.00010
[2025-09-13 21:56:44,715] [laneatt.utils.logger] [DEBUG] Epoch [1/100] - Iter [12/280] - Loss: 1.82722 - cls_loss: 0.04615 - reg_loss: 1.36571 - batch_positives: 161.00000 - lr: 0.00010
[2025-09-13 21:56:45,080] [laneatt.utils.logger] [DEBUG] Epoch [1/100] - Iter [13/280] - Loss: 1.54288 - cls_loss: 0.02810 - reg_loss: 1.26191 - batch_positives: 161.00000 - lr: 0.00010
[2025-09-13 21:56:45,449] [laneatt.utils.logger] [DEBUG] Epoch [1/100] - Iter [14/280] - Loss: 1.53170 - cls_loss: 0.03253 - reg_loss: 1.20637 - batch_positives: 157.00000 - lr: 0.00010
[2025-09-13 21:56:45,839] [laneatt.utils.logger] [DEBUG] Epoch [1/100] - Iter [15/280] - Loss: 0.91902 - cls_loss: 0.03223 - reg_loss: 0.59668 - batch_positives: 177.00000 - lr: 0.00010
[2025-09-13 21:56:46,205] [laneatt.utils.logger] [DEBUG] Epoch [1/100] - Iter [16/280] - Loss: 1.85726 - cls_loss: 0.06281 - reg_loss: 1.22913 - batch_positives: 166.00000 - lr: 0.00010
[2025-09-13 21:56:46,562] [laneatt.utils.logger] [DEBUG] Epoch [1/100] - Iter [17/280] - Loss: 1.29769 - cls_loss: 0.05446 - reg_loss: 0.75307 - batch_positives: 171.00000 - lr: 0.00010
[2025-09-13 21:56:46,923] [laneatt.utils.logger] [DEBUG] Epoch [1/100] - Iter [18/280] - Loss: 1.59854 - cls_loss: 0.04194 - reg_loss: 1.17913 - batch_positives: 154.00000 - lr: 0.00010
[2025-09-13 21:56:47,285] [laneatt.utils.logger] [DEBUG] Epoch [1/100] - Iter [19/280] - Loss: 0.96678 - cls_loss: 0.01333 - reg_loss: 0.83344 - batch_positives: 156.00000 - lr: 0.00010
[2025-09-13 21:56:47,650] [laneatt.utils.logger] [DEBUG] Epoch [1/100] - Iter [20/280] - Loss: 1.25663 - cls_loss: 0.01955 - reg_loss: 1.06113 - batch_positives: 169.00000 - lr: 0.00010
[2025-09-13 21:56:48,012] [laneatt.utils.logger] [DEBUG] Epoch [1/100] - Iter [21/280] - Loss: 0.69750 - cls_loss: 0.00478 - reg_loss: 0.64974 - batch_positives: 156.00000 - lr: 0.00010
[2025-09-13 21:56:48,379] [laneatt.utils.logger] [DEBUG] Epoch [1/100] - Iter [22/280] - Loss: 1.20666 - cls_loss: 0.01184 - reg_loss: 1.08825 - batch_positives: 178.00000 - lr: 0.00010
[2025-09-13 21:56:48,745] [laneatt.utils.logger] [DEBUG] Epoch [1/100] - Iter [23/280] - Loss: 1.69189 - cls_loss: 0.02373 - reg_loss: 1.45454 - batch_positives: 163.00000 - lr: 0.00010
[2025-09-13 21:56:49,107] [laneatt.utils.logger] [DEBUG] Epoch [1/100] - Iter [24/280] - Loss: 2.38317 - cls_loss: 0.05881 - reg_loss: 1.79503 - batch_positives: 169.00000 - lr: 0.00010
[2025-09-13 21:56:49,467] [laneatt.utils.logger] [DEBUG] Epoch [1/100] - Iter [25/280] - Loss: 1.59210 - cls_loss: 0.02380 - reg_loss: 1.35407 - batch_positives: 165.00000 - lr: 0.00010
[2025-09-13 21:56:49,829] [laneatt.utils.logger] [DEBUG] Epoch [1/100] - Iter [26/280] - Loss: 1.34361 - cls_loss: 0.02418 - reg_loss: 1.10178 - batch_positives: 155.00000 - lr: 0.00010
[2025-09-13 21:56:50,194] [laneatt.utils.logger] [DEBUG] Epoch [1/100] - Iter [27/280] - Loss: 1.58019 - cls_loss: 0.02814 - reg_loss: 1.29882 - batch_positives: 160.00000 - lr: 0.00010
[2025-09-13 21:56:50,560] [laneatt.utils.logger] [DEBUG] Epoch [1/100] - Iter [28/280] - Loss: 1.77357 - cls_loss: 0.03045 - reg_loss: 1.46910 - batch_positives: 165.00000 - lr: 0.00010
[2025-09-13 21:56:50,923] [laneatt.utils.logger] [DEBUG] Epoch [1/100] - Iter [29/280] - Loss: 1.07724 - cls_loss: 0.01068 - reg_loss: 0.97043 - batch_positives: 164.00000 - lr: 0.00010
[2025-09-13 21:56:51,288] [laneatt.utils.logger] [DEBUG] Epoch [1/100] - Iter [30/280] - Loss: 1.41023 - cls_loss: 0.01843 - reg_loss: 1.22596 - batch_positives: 173.00000 - lr: 0.00010
[2025-09-13 21:56:51,647] [laneatt.utils.logger] [DEBUG] Epoch [1/100] - Iter [31/280] - Loss: 2.46853 - cls_loss: 0.06504 - reg_loss: 1.81812 - batch_positives: 165.00000 - lr: 0.00010
[2025-09-13 21:56:52,018] [laneatt.utils.logger] [DEBUG] Epoch [1/100] - Iter [32/280] - Loss: 1.62496 - cls_loss: 0.03028 - reg_loss: 1.32217 - batch_positives: 161.00000 - lr: 0.00010
[2025-09-13 21:56:52,386] [laneatt.utils.logger] [DEBUG] Epoch [1/100] - Iter [33/280] - Loss: 1.41188 - cls_loss: 0.01320 - reg_loss: 1.27985 - batch_positives: 159.00000 - lr: 0.00010
[2025-09-13 21:56:52,758] [laneatt.utils.logger] [DEBUG] Epoch [1/100] - Iter [34/280] - Loss: 1.19929 - cls_loss: 0.02402 - reg_loss: 0.95907 - batch_positives: 147.00000 - lr: 0.00010
[2025-09-13 21:56:53,126] [laneatt.utils.logger] [DEBUG] Epoch [1/100] - Iter [35/280] - Loss: 1.56195 - cls_loss: 0.03246 - reg_loss: 1.23738 - batch_positives: 164.00000 - lr: 0.00010
[2025-09-13 21:56:53,499] [laneatt.utils.logger] [DEBUG] Epoch [1/100] - Iter [36/280] - Loss: 1.83339 - cls_loss: 0.03284 - reg_loss: 1.50497 - batch_positives: 165.00000 - lr: 0.00010
[2025-09-13 21:56:53,868] [laneatt.utils.logger] [DEBUG] Epoch [1/100] - Iter [37/280] - Loss: 1.42621 - cls_loss: 0.03508 - reg_loss: 1.07544 - batch_positives: 162.00000 - lr: 0.00010
[2025-09-13 21:56:54,237] [laneatt.utils.logger] [DEBUG] Epoch [1/100] - Iter [38/280] - Loss: 1.37147 - cls_loss: 0.01461 - reg_loss: 1.22536 - batch_positives: 160.00000 - lr: 0.00010
[2025-09-13 21:56:54,607] [laneatt.utils.logger] [DEBUG] Epoch [1/100] - Iter [39/280] - Loss: 1.02583 - cls_loss: 0.00861 - reg_loss: 0.93972 - batch_positives: 159.00000 - lr: 0.00010
[2025-09-13 21:56:54,976] [laneatt.utils.logger] [DEBUG] Epoch [1/100] - Iter [40/280] - Loss: 1.09890 - cls_loss: 0.02153 - reg_loss: 0.88359 - batch_positives: 159.00000 - lr: 0.00010
[2025-09-13 21:56:55,338] [laneatt.utils.logger] [DEBUG] Epoch [1/100] - Iter [41/280] - Loss: 1.10025 - cls_loss: 0.01812 - reg_loss: 0.91905 - batch_positives: 161.00000 - lr: 0.00010
[2025-09-13 21:56:55,704] [laneatt.utils.logger] [DEBUG] Epoch [1/100] - Iter [42/280] - Loss: 0.47299 - cls_loss: 0.00327 - reg_loss: 0.44029 - batch_positives: 164.00000 - lr: 0.00010
[2025-09-13 21:56:56,070] [laneatt.utils.logger] [DEBUG] Epoch [1/100] - Iter [43/280] - Loss: 1.57438 - cls_loss: 0.02002 - reg_loss: 1.37421 - batch_positives: 167.00000 - lr: 0.00010
[2025-09-13 21:56:56,441] [laneatt.utils.logger] [DEBUG] Epoch [1/100] - Iter [44/280] - Loss: 1.27224 - cls_loss: 0.01407 - reg_loss: 1.13151 - batch_positives: 168.00000 - lr: 0.00010
[2025-09-13 21:56:56,803] [laneatt.utils.logger] [DEBUG] Epoch [1/100] - Iter [45/280] - Loss: 1.30615 - cls_loss: 0.02157 - reg_loss: 1.09047 - batch_positives: 152.00000 - lr: 0.00010
[2025-09-13 21:56:57,170] [laneatt.utils.logger] [DEBUG] Epoch [1/100] - Iter [46/280] - Loss: 1.16304 - cls_loss: 0.01297 - reg_loss: 1.03330 - batch_positives: 166.00000 - lr: 0.00010
[2025-09-13 21:56:57,539] [laneatt.utils.logger] [DEBUG] Epoch [1/100] - Iter [47/280] - Loss: 2.13402 - cls_loss: 0.02933 - reg_loss: 1.84069 - batch_positives: 165.00000 - lr: 0.00010
[2025-09-13 21:56:57,910] [laneatt.utils.logger] [DEBUG] Epoch [1/100] - Iter [48/280] - Loss: 1.52005 - cls_loss: 0.05961 - reg_loss: 0.92399 - batch_positives: 177.00000 - lr: 0.00010
[2025-09-13 21:56:58,330] [laneatt.utils.logger] [DEBUG] Epoch [1/100] - Iter [49/280] - Loss: 1.61548 - cls_loss: 0.05648 - reg_loss: 1.05068 - batch_positives: 166.00000 - lr: 0.00010
[2025-09-13 21:56:58,718] [laneatt.utils.logger] [DEBUG] Epoch [1/100] - Iter [50/280] - Loss: 1.00271 - cls_loss: 0.00643 - reg_loss: 0.93836 - batch_positives: 167.00000 - lr: 0.00010
[2025-09-13 21:56:59,180] [laneatt.utils.logger] [DEBUG] Epoch [1/100] - Iter [51/280] - Loss: 1.82530 - cls_loss: 0.01999 - reg_loss: 1.62542 - batch_positives: 162.00000 - lr: 0.00010
[2025-09-13 21:56:59,575] [laneatt.utils.logger] [DEBUG] Epoch [1/100] - Iter [52/280] - Loss: 0.89274 - cls_loss: 0.00732 - reg_loss: 0.81953 - batch_positives: 156.00000 - lr: 0.00010
[2025-09-13 21:56:59,981] [laneatt.utils.logger] [DEBUG] Epoch [1/100] - Iter [53/280] - Loss: 1.12475 - cls_loss: 0.01154 - reg_loss: 1.00937 - batch_positives: 171.00000 - lr: 0.00010
[2025-09-13 21:57:00,365] [laneatt.utils.logger] [DEBUG] Epoch [1/100] - Iter [54/280] - Loss: 1.35928 - cls_loss: 0.00763 - reg_loss: 1.28302 - batch_positives: 171.00000 - lr: 0.00010
[2025-09-13 21:57:00,736] [laneatt.utils.logger] [DEBUG] Epoch [1/100] - Iter [55/280] - Loss: 1.07414 - cls_loss: 0.00869 - reg_loss: 0.98727 - batch_positives: 161.00000 - lr: 0.00010
[2025-09-13 21:57:01,108] [laneatt.utils.logger] [DEBUG] Epoch [1/100] - Iter [56/280] - Loss: 1.89662 - cls_loss: 0.03083 - reg_loss: 1.58833 - batch_positives: 166.00000 - lr: 0.00010
[2025-09-13 21:57:01,470] [laneatt.utils.logger] [DEBUG] Epoch [1/100] - Iter [57/280] - Loss: 1.40797 - cls_loss: 0.01745 - reg_loss: 1.23346 - batch_positives: 166.00000 - lr: 0.00010
[2025-09-13 21:57:01,840] [laneatt.utils.logger] [DEBUG] Epoch [1/100] - Iter [58/280] - Loss: 1.77884 - cls_loss: 0.01707 - reg_loss: 1.60813 - batch_positives: 169.00000 - lr: 0.00010
[2025-09-13 21:57:02,209] [laneatt.utils.logger] [DEBUG] Epoch [1/100] - Iter [59/280] - Loss: 1.49034 - cls_loss: 0.03002 - reg_loss: 1.19013 - batch_positives: 166.00000 - lr: 0.00010
[2025-09-13 21:57:02,578] [laneatt.utils.logger] [DEBUG] Epoch [1/100] - Iter [60/280] - Loss: 1.15008 - cls_loss: 0.00760 - reg_loss: 1.07409 - batch_positives: 165.00000 - lr: 0.00010
[2025-09-13 21:57:02,949] [laneatt.utils.logger] [DEBUG] Epoch [1/100] - Iter [61/280] - Loss: 1.07812 - cls_loss: 0.01093 - reg_loss: 0.96879 - batch_positives: 162.00000 - lr: 0.00010
[2025-09-13 21:57:03,318] [laneatt.utils.logger] [DEBUG] Epoch [1/100] - Iter [62/280] - Loss: 1.62663 - cls_loss: 0.01524 - reg_loss: 1.47420 - batch_positives: 171.00000 - lr: 0.00010
[2025-09-13 21:57:03,686] [laneatt.utils.logger] [DEBUG] Epoch [1/100] - Iter [63/280] - Loss: 1.48640 - cls_loss: 0.02496 - reg_loss: 1.23684 - batch_positives: 163.00000 - lr: 0.00010
[2025-09-13 21:57:04,049] [laneatt.utils.logger] [DEBUG] Epoch [1/100] - Iter [64/280] - Loss: 1.47724 - cls_loss: 0.02617 - reg_loss: 1.21554 - batch_positives: 168.00000 - lr: 0.00010
[2025-09-13 21:57:04,415] [laneatt.utils.logger] [DEBUG] Epoch [1/100] - Iter [65/280] - Loss: 1.57859 - cls_loss: 0.01160 - reg_loss: 1.46256 - batch_positives: 155.00000 - lr: 0.00010
[2025-09-13 21:57:04,785] [laneatt.utils.logger] [DEBUG] Epoch [1/100] - Iter [66/280] - Loss: 0.71680 - cls_loss: 0.00320 - reg_loss: 0.68481 - batch_positives: 144.00000 - lr: 0.00010
[2025-09-13 21:57:05,149] [laneatt.utils.logger] [DEBUG] Epoch [1/100] - Iter [67/280] - Loss: 1.62955 - cls_loss: 0.01423 - reg_loss: 1.48726 - batch_positives: 165.00000 - lr: 0.00010
[2025-09-13 21:57:05,515] [laneatt.utils.logger] [DEBUG] Epoch [1/100] - Iter [68/280] - Loss: 0.95864 - cls_loss: 0.00581 - reg_loss: 0.90051 - batch_positives: 159.00000 - lr: 0.00010
[2025-09-13 21:57:05,874] [laneatt.utils.logger] [DEBUG] Epoch [1/100] - Iter [69/280] - Loss: 2.01082 - cls_loss: 0.03544 - reg_loss: 1.65637 - batch_positives: 167.00000 - lr: 0.00010
[2025-09-13 21:57:06,237] [laneatt.utils.logger] [DEBUG] Epoch [1/100] - Iter [70/280] - Loss: 0.94801 - cls_loss: 0.02943 - reg_loss: 0.65376 - batch_positives: 161.00000 - lr: 0.00010
[2025-09-13 21:57:06,597] [laneatt.utils.logger] [DEBUG] Epoch [1/100] - Iter [71/280] - Loss: 1.18302 - cls_loss: 0.01329 - reg_loss: 1.05008 - batch_positives: 170.00000 - lr: 0.00010
[2025-09-13 21:57:06,966] [laneatt.utils.logger] [DEBUG] Epoch [1/100] - Iter [72/280] - Loss: 0.82896 - cls_loss: 0.00477 - reg_loss: 0.78127 - batch_positives: 166.00000 - lr: 0.00010
[2025-09-13 21:57:07,330] [laneatt.utils.logger] [DEBUG] Epoch [1/100] - Iter [73/280] - Loss: 0.84477 - cls_loss: 0.00394 - reg_loss: 0.80536 - batch_positives: 155.00000 - lr: 0.00010
